mode: set
github.com/briansan/commune-go/model/store/mongo.go:27.27,29.2 1 1
github.com/briansan/commune-go/model/store/mongo.go:31.43,33.16 2 1
github.com/briansan/commune-go/model/store/mongo.go:37.2,37.34 1 1
github.com/briansan/commune-go/model/store/mongo.go:33.16,35.3 1 0
github.com/briansan/commune-go/model/store/mongo.go:40.50,42.2 1 1
github.com/briansan/commune-go/model/store/user.go:15.53,17.2 1 1
github.com/briansan/commune-go/model/store/user.go:19.59,21.2 1 1
github.com/briansan/commune-go/model/store/user.go:23.64,26.16 3 1
github.com/briansan/commune-go/model/store/user.go:30.2,30.20 1 1
github.com/briansan/commune-go/model/store/user.go:26.16,28.3 1 0
github.com/briansan/commune-go/model/store/user.go:33.58,35.52 2 1
github.com/briansan/commune-go/model/store/user.go:41.2,41.44 1 1
github.com/briansan/commune-go/model/store/user.go:35.52,37.3 1 0
github.com/briansan/commune-go/model/store/user.go:37.3,37.19 1 1
github.com/briansan/commune-go/model/store/user.go:37.19,39.3 1 0
github.com/briansan/commune-go/model/store/user.go:44.79,47.16 3 1
github.com/briansan/commune-go/model/store/user.go:50.2,50.19 1 1
github.com/briansan/commune-go/model/store/user.go:47.16,49.3 1 0
github.com/briansan/commune-go/model/store/user.go:53.72,55.16 2 1
github.com/briansan/commune-go/model/store/user.go:59.2,60.16 2 1
github.com/briansan/commune-go/model/store/user.go:64.2,64.18 1 1
github.com/briansan/commune-go/model/store/user.go:55.16,57.3 1 0
github.com/briansan/commune-go/model/store/user.go:60.16,62.3 1 0
